<?xml version="1.0" encoding="UTF-8" ?>
<testsuite tests="2" failures="2" name="SearchCommiditiesTest" time="0.002" errors="0" skipped="0">
  <properties>
[...]
</properties>
  <testcase classname="SearchCommiditiesTest" name="SearchCommiditiesTest.testCommodityNotExists" time="0.001">
    <failure message="&apos;Baloot.Commodity Baloot.BalootServer.findCommodity(int)&apos;" type="java.lang.NoSuchMethodError">java.lang.NoSuchMethodError: &apos;Baloot.Commodity Baloot.BalootServer.findCommodity(int)&apos;
	at SearchCommiditiesTest.testCommodityNotExists(SearchCommiditiesTest.java:46)
</failure>
  </testcase>
  <testcase classname="SearchCommiditiesTest" name="SearchCommiditiesTest.testCommodityWithoutError" time="0.001">
    <failure message="&apos;Baloot.Commodity Baloot.BalootServer.findCommodity(int)&apos;" type="java.lang.NoSuchMethodError">java.lang.NoSuchMethodError: &apos;Baloot.Commodity Baloot.BalootServer.findCommodity(int)&apos;
	at SearchCommiditiesTest.testCommodityWithoutError(SearchCommiditiesTest.java:51)
</failure>
  </testcase>
</testsuite>